{"logLevel":"debug","message":"multithreading is set to false"}
{"logLevel":"debug","message":"Using reflection to scan dependencies for gauge implementations..."}
{"logLevel":"debug","message":"gauge-java took 532milliseconds to load and scan. This should be less than 'runner_connection_timeout' config value."}
{"logLevel":"debug","message":"run 'gauge config runner_connection_timeout' and verify that it is < 532"}
{"logLevel":"debug","message":"starting gRPC server..."}
{"logLevel":"debug","message":"started gRPC server on port 60052"}
{"logLevel":"info","message":"Listening on port:60052"}
{"logLevel":"debug","message":"Scanning packages for steps"}
{"logLevel":"debug","message":"Loading Get element {} by key {} and compare with context, if {}via reflected sources."}
{"logLevel":"debug","message":"Loading Check if element's {} text contains {}via reflected sources."}
{"logLevel":"debug","message":"Loading Click element by {} with index {}via reflected sources."}
{"logLevel":"debug","message":"Loading Check if {} on pagevia reflected sources."}
{"logLevel":"debug","message":"Loading Check if onboarding screen is on then closevia reflected sources."}
{"logLevel":"debug","message":"Loading Wait {} millisecondsvia reflected sources."}
{"logLevel":"debug","message":"Loading {} milisaniye beklevia reflected sources."}
{"logLevel":"debug","message":"Loading {} saniye beklevia reflected sources."}
{"logLevel":"debug","message":"Loading Wait {} secondsvia reflected sources."}
{"logLevel":"debug","message":"Loading Click element by {}via reflected sources."}
{"logLevel":"debug","message":"Loading Get element {} by key {} and set context to comparevia reflected sources."}
{"logLevel":"debug","message":"Loading Swipe times {}via reflected sources."}
{"logLevel":"debug","message":"Loading Go to {}via reflected sources."}
{"logLevel":"debug","message":"Loading Check if element {} existvia reflected sources."}
{"logLevel":"debug","message":"Loading Click Android back buttonvia reflected sources."}
{"logLevel":"debug","message":"Scanning packages for hooks"}
{"logLevel":"debug","message":"Scanned steps (using static parsing + reflections): "}
{"logLevel":"debug","message":"\tWait {} milliseconds : null"}
{"logLevel":"debug","message":"\tClick Android back button : null"}
{"logLevel":"debug","message":"\tGet element {} by key {} and compare with context, if {} : null"}
{"logLevel":"debug","message":"\tCheck if element {} exist : null"}
{"logLevel":"debug","message":"\t{} milisaniye bekle : null"}
{"logLevel":"debug","message":"\tGet element {} by key {} and set context to compare : null"}
{"logLevel":"debug","message":"\tCheck if onboarding screen is on then close : null"}
{"logLevel":"debug","message":"\tCheck if {} on page : null"}
{"logLevel":"debug","message":"\t{} saniye bekle : null"}
{"logLevel":"debug","message":"\tGo to {} : null"}
{"logLevel":"debug","message":"\tClick element by {} : null"}
{"logLevel":"debug","message":"\tClick element by {} with index {} : null"}
{"logLevel":"debug","message":"\tCheck if element's {} text contains {} : null"}
{"logLevel":"debug","message":"\tWait {} seconds : null"}
{"logLevel":"debug","message":"\tSwipe times {} : null"}
2021-11-02 21:39:48 INFO  HookImpl:36 beforeScenario - Local Browser
Nov 02, 2021 9:39:54 PM io.appium.java_client.remote.AppiumCommandExecutor$1 lambda$0
INFO: Detected dialect: W3C
{"logLevel":"debug","message":"Executing 'Check if onboarding screen is on then close' using 'class org.mobile.getir.StepImpl.closeOnBoarding"}
org.openqa.selenium.TimeoutException: Expected condition failed: waiting for org.mobile.getir.StepImpl$1@6dad437 (tried for 30 second(s) with 450 milliseconds interval)
Build info: version: '3.141.59', revision: 'e82be7d358', time: '2018-11-14T08:17:03'
System info: host: 'buraks-mbp', ip: 'fe80:0:0:0:70:7b4e:53c5:336a%en0', os.name: 'Mac OS X', os.arch: 'x86_64', os.version: '10.15.6', java.version: '15'
Driver info: driver.version: unknown
	at org.openqa.selenium.support.ui.FluentWait.timeoutException(FluentWait.java:304)
	at org.openqa.selenium.support.ui.FluentWait.until(FluentWait.java:272)
	at org.mobile.getir.StepImpl.findElements(StepImpl.java:43)
	at org.mobile.getir.StepImpl.findElement(StepImpl.java:91)
	at org.mobile.getir.StepImpl.findElementByKeyWithoutAssert(StepImpl.java:126)
	at org.mobile.getir.StepImpl.closeOnBoarding(StepImpl.java:393)
	at java.base/jdk.internal.reflect.NativeMethodAccessorImpl.invoke0(Native Method)
	at java.base/jdk.internal.reflect.NativeMethodAccessorImpl.invoke(NativeMethodAccessorImpl.java:64)
	at java.base/jdk.internal.reflect.DelegatingMethodAccessorImpl.invoke(DelegatingMethodAccessorImpl.java:43)
	at java.base/java.lang.reflect.Method.invoke(Method.java:564)
	at com.thoughtworks.gauge.execution.MethodExecutor.execute(MethodExecutor.java:28)
	at com.thoughtworks.gauge.execution.StepExecutionStage.executeStepMethod(StepExecutionStage.java:66)
	at com.thoughtworks.gauge.execution.StepExecutionStage.executeStep(StepExecutionStage.java:59)
	at com.thoughtworks.gauge.execution.StepExecutionStage.execute(StepExecutionStage.java:41)
	at com.thoughtworks.gauge.execution.AbstractExecutionStage.executeNext(AbstractExecutionStage.java:14)
	at com.thoughtworks.gauge.execution.HookExecutionStage.execute(HookExecutionStage.java:33)
	at com.thoughtworks.gauge.execution.ExecutionPipeline.start(ExecutionPipeline.java:19)
	at com.thoughtworks.gauge.processor.ExecuteStepProcessor.process(ExecuteStepProcessor.java:44)
	at com.thoughtworks.gauge.RunnerServiceHandler.lambda$executeStep$7(RunnerServiceHandler.java:166)
	at java.base/java.util.concurrent.ThreadPoolExecutor.runWorker(ThreadPoolExecutor.java:1130)
	at java.base/java.util.concurrent.ThreadPoolExecutor$Worker.run(ThreadPoolExecutor.java:630)
	at java.base/java.lang.Thread.run(Thread.java:832)
2021-11-02 21:40:30 INFO  StepImpl:395 closeOnBoarding - Onboarding page is not appeared
{"logLevel":"debug","message":"Executing 'Check if element {} exist' using 'class org.mobile.getir.StepImpl.checkifElemExist"}
2021-11-02 21:41:01 INFO  StepImpl:348 checkifElemExist - Element is exist at the current location.
{"logLevel":"debug","message":"Executing 'Click element by {}' using 'class org.mobile.getir.StepImpl.clickByKey"}
2021-11-02 21:41:41 INFO  StepImpl:164 clickByKey - HomePage_water elementine tıklandı
{"logLevel":"debug","message":"Executing 'Click element by {} with index {}' using 'class org.mobile.getir.StepImpl.clickElemWithIndex"}
2021-11-02 21:41:51 INFO  StepImpl:341 clickElemWithIndex - Clicking element at index: 1
{"logLevel":"debug","message":"Executing 'Check if element {} exist' using 'class org.mobile.getir.StepImpl.checkifElemExist"}
2021-11-02 21:42:12 INFO  StepImpl:348 checkifElemExist - Element is exist at the current location.
{"logLevel":"debug","message":"Executing 'Get element {} by key {} and set context to compare' using 'class org.mobile.getir.StepImpl.setTextToContextWithKey"}
2021-11-02 21:42:12 INFO  StepImpl:292 setTextToContextWithKey - Getting text to compare, the text is: $1,98
2021-11-02 21:42:12 INFO  StepImpl:305 setTextToContextWithKey - 
{"logLevel":"debug","message":"Executing 'Click element by {}' using 'class org.mobile.getir.StepImpl.clickByKey"}
2021-11-02 21:42:12 INFO  StepImpl:164 clickByKey - Product_addToCartButton elementine tıklandı
{"logLevel":"debug","message":"Executing 'Click Android back button' using 'class org.mobile.getir.StepImpl.androidBackBtn"}
2021-11-02 21:42:12 INFO  StepImpl:387 androidBackBtn - Clicked back button.
{"logLevel":"debug","message":"Executing 'Click element by {}' using 'class org.mobile.getir.StepImpl.clickByKey"}
2021-11-02 21:42:44 INFO  StepImpl:164 clickByKey - HomePage_goToCart elementine tıklandı
{"logLevel":"debug","message":"Executing 'Check if element {} exist' using 'class org.mobile.getir.StepImpl.checkifElemExist"}
2021-11-02 21:42:44 INFO  StepImpl:348 checkifElemExist - Element is exist at the current location.
{"logLevel":"debug","message":"Executing 'Get element {} by key {} and compare with context, if {}' using 'class org.mobile.getir.StepImpl.getTextAndCompareContext"}
2021-11-02 21:42:44 INFO  StepImpl:313 getTextAndCompareContext - $1,98
2021-11-02 21:42:44 INFO  StepImpl:319 getTextAndCompareContext - The saved context is: $1,98
{"logLevel":"debug","message":"Executing 'Click element by {}' using 'class org.mobile.getir.StepImpl.clickByKey"}
2021-11-02 21:42:44 INFO  StepImpl:164 clickByKey - MyCart_removeProduct elementine tıklandı
{"logLevel":"debug","message":"Executing 'Check if element's {} text contains {}' using 'class org.mobile.getir.StepImpl.checkIfElementTextContains"}
2021-11-02 21:42:44 INFO  StepImpl:354 checkIfElementTextContains - Checking for text: 0,00
2021-11-02 21:42:44 INFO  StepImpl:355 checkIfElementTextContains - The element's text is: $0.00
{"logLevel":"debug","message":"Killing Java runner..."}
{"logLevel":"debug","message":"Stopping execution pool..."}
{"logLevel":"debug","message":"Shutting down grpc server..."}
{"logLevel":"debug","message":"Runner killed gracefully."}
