{"logLevel":"debug","message":"multithreading is set to false"}
{"logLevel":"debug","message":"Using reflection to scan dependencies for gauge implementations..."}
{"logLevel":"debug","message":"gauge-java took 599milliseconds to load and scan. This should be less than 'runner_connection_timeout' config value."}
{"logLevel":"debug","message":"run 'gauge config runner_connection_timeout' and verify that it is < 599"}
{"logLevel":"debug","message":"starting gRPC server..."}
{"logLevel":"debug","message":"started gRPC server on port 61243"}
{"logLevel":"info","message":"Listening on port:61243"}
{"logLevel":"debug","message":"Scanning packages for steps"}
{"logLevel":"debug","message":"Loading Get element {} by key {} and compare with context, if {}via reflected sources."}
{"logLevel":"debug","message":"Loading Click element by {}via reflected sources."}
{"logLevel":"debug","message":"Loading Get element {} by key {} and set context to comparevia reflected sources."}
{"logLevel":"debug","message":"Loading Check if element's {} text contains {}via reflected sources."}
{"logLevel":"debug","message":"Loading Click element by {} with index {}via reflected sources."}
{"logLevel":"debug","message":"Loading Check if onboarding screen is on then closevia reflected sources."}
{"logLevel":"debug","message":"Loading Go to {}via reflected sources."}
{"logLevel":"debug","message":"Loading Check if element {} existvia reflected sources."}
{"logLevel":"debug","message":"Loading Click Android back buttonvia reflected sources."}
{"logLevel":"debug","message":"Scanning packages for hooks"}
{"logLevel":"debug","message":"Scanned steps (using static parsing + reflections): "}
{"logLevel":"debug","message":"\tClick Android back button : null"}
{"logLevel":"debug","message":"\tGet element {} by key {} and compare with context, if {} : null"}
{"logLevel":"debug","message":"\tCheck if element {} exist : null"}
{"logLevel":"debug","message":"\tGo to {} : null"}
{"logLevel":"debug","message":"\tClick element by {} : null"}
{"logLevel":"debug","message":"\tGet element {} by key {} and set context to compare : null"}
{"logLevel":"debug","message":"\tClick element by {} with index {} : null"}
{"logLevel":"debug","message":"\tCheck if onboarding screen is on then close : null"}
{"logLevel":"debug","message":"\tCheck if element's {} text contains {} : null"}
2021-11-02 22:09:33 INFO  HookImpl:32 beforeScenario - Local Browser
Nov 02, 2021 10:09:39 PM io.appium.java_client.remote.AppiumCommandExecutor$1 lambda$0
INFO: Detected dialect: W3C
{"logLevel":"debug","message":"Executing 'Check if onboarding screen is on then close' using 'class org.mobile.getir.StepImpl.closeOnBoarding"}
org.openqa.selenium.TimeoutException: Expected condition failed: waiting for org.mobile.getir.StepImpl$1@72606cc7 (tried for 30 second(s) with 450 milliseconds interval)
Build info: version: '3.141.59', revision: 'e82be7d358', time: '2018-11-14T08:17:03'
System info: host: 'buraks-mbp', ip: 'fe80:0:0:0:70:7b4e:53c5:336a%en0', os.name: 'Mac OS X', os.arch: 'x86_64', os.version: '10.15.6', java.version: '15'
Driver info: driver.version: unknown
	at org.openqa.selenium.support.ui.FluentWait.timeoutException(FluentWait.java:304)
	at org.openqa.selenium.support.ui.FluentWait.until(FluentWait.java:272)
	at org.mobile.getir.StepImpl.findElements(StepImpl.java:27)
	at org.mobile.getir.StepImpl.findElement(StepImpl.java:47)
	at org.mobile.getir.StepImpl.findElementByKeyWithoutAssert(StepImpl.java:60)
	at org.mobile.getir.StepImpl.closeOnBoarding(StepImpl.java:199)
	at java.base/jdk.internal.reflect.NativeMethodAccessorImpl.invoke0(Native Method)
	at java.base/jdk.internal.reflect.NativeMethodAccessorImpl.invoke(NativeMethodAccessorImpl.java:64)
	at java.base/jdk.internal.reflect.DelegatingMethodAccessorImpl.invoke(DelegatingMethodAccessorImpl.java:43)
	at java.base/java.lang.reflect.Method.invoke(Method.java:564)
	at com.thoughtworks.gauge.execution.MethodExecutor.execute(MethodExecutor.java:28)
	at com.thoughtworks.gauge.execution.StepExecutionStage.executeStepMethod(StepExecutionStage.java:66)
	at com.thoughtworks.gauge.execution.StepExecutionStage.executeStep(StepExecutionStage.java:59)
	at com.thoughtworks.gauge.execution.StepExecutionStage.execute(StepExecutionStage.java:41)
	at com.thoughtworks.gauge.execution.AbstractExecutionStage.executeNext(AbstractExecutionStage.java:14)
	at com.thoughtworks.gauge.execution.HookExecutionStage.execute(HookExecutionStage.java:33)
	at com.thoughtworks.gauge.execution.ExecutionPipeline.start(ExecutionPipeline.java:19)
	at com.thoughtworks.gauge.processor.ExecuteStepProcessor.process(ExecuteStepProcessor.java:44)
	at com.thoughtworks.gauge.RunnerServiceHandler.lambda$executeStep$7(RunnerServiceHandler.java:166)
	at java.base/java.util.concurrent.ThreadPoolExecutor.runWorker(ThreadPoolExecutor.java:1130)
	at java.base/java.util.concurrent.ThreadPoolExecutor$Worker.run(ThreadPoolExecutor.java:630)
	at java.base/java.lang.Thread.run(Thread.java:832)
2021-11-02 22:10:13 INFO  StepImpl:201 closeOnBoarding - Onboarding page is not appeared
{"logLevel":"debug","message":"Executing 'Check if element {} exist' using 'class org.mobile.getir.StepImpl.checkifElemExist"}
2021-11-02 22:10:44 INFO  StepImpl:154 checkifElemExist - Element is exist at the current location.
{"logLevel":"debug","message":"Executing 'Click element by {}' using 'class org.mobile.getir.StepImpl.clickByKey"}
2021-11-02 22:11:24 INFO  StepImpl:96 clickByKey - HomePage_water elementine tıklandı
{"logLevel":"debug","message":"Executing 'Click element by {} with index {}' using 'class org.mobile.getir.StepImpl.clickElemWithIndex"}
2021-11-02 22:11:34 INFO  StepImpl:147 clickElemWithIndex - Clicking element at index: 1
{"logLevel":"debug","message":"Executing 'Check if element {} exist' using 'class org.mobile.getir.StepImpl.checkifElemExist"}
2021-11-02 22:11:55 INFO  StepImpl:154 checkifElemExist - Element is exist at the current location.
{"logLevel":"debug","message":"Executing 'Get element {} by key {} and set context to compare' using 'class org.mobile.getir.StepImpl.setTextToContextWithKey"}
2021-11-02 22:11:55 INFO  StepImpl:103 setTextToContextWithKey - Getting text to compare, the text is: $1,98
{"logLevel":"debug","message":"Executing 'Click element by {}' using 'class org.mobile.getir.StepImpl.clickByKey"}
2021-11-02 22:11:55 INFO  StepImpl:96 clickByKey - Product_addToCartButton elementine tıklandı
{"logLevel":"debug","message":"Executing 'Click Android back button' using 'class org.mobile.getir.StepImpl.androidBackBtn"}
2021-11-02 22:11:55 INFO  StepImpl:193 androidBackBtn - Clicked back button.
{"logLevel":"debug","message":"Executing 'Click element by {}' using 'class org.mobile.getir.StepImpl.clickByKey"}
2021-11-02 22:12:27 INFO  StepImpl:96 clickByKey - HomePage_goToCart elementine tıklandı
{"logLevel":"debug","message":"Executing 'Check if element {} exist' using 'class org.mobile.getir.StepImpl.checkifElemExist"}
2021-11-02 22:12:27 INFO  StepImpl:154 checkifElemExist - Element is exist at the current location.
{"logLevel":"debug","message":"Executing 'Get element {} by key {} and compare with context, if {}' using 'class org.mobile.getir.StepImpl.getTextAndCompareContext"}
2021-11-02 22:12:27 INFO  StepImpl:121 getTextAndCompareContext - $1,98
2021-11-02 22:12:27 INFO  StepImpl:127 getTextAndCompareContext - The saved context is: $1,98
{"logLevel":"debug","message":"Executing 'Click element by {}' using 'class org.mobile.getir.StepImpl.clickByKey"}
2021-11-02 22:12:28 INFO  StepImpl:96 clickByKey - MyCart_removeProduct elementine tıklandı
{"logLevel":"debug","message":"Executing 'Check if element's {} text contains {}' using 'class org.mobile.getir.StepImpl.checkIfElementTextContains"}
2021-11-02 22:12:28 INFO  StepImpl:160 checkIfElementTextContains - Checking for text: 0.00
2021-11-02 22:12:28 INFO  StepImpl:161 checkIfElementTextContains - The element's text is: $0.00
2021-11-02 22:12:29 INFO  HookImpl:32 beforeScenario - Local Browser
Nov 02, 2021 10:12:35 PM io.appium.java_client.remote.AppiumCommandExecutor$1 lambda$0
INFO: Detected dialect: W3C
{"logLevel":"debug","message":"Executing 'Check if onboarding screen is on then close' using 'class org.mobile.getir.StepImpl.closeOnBoarding"}
org.openqa.selenium.TimeoutException: Expected condition failed: waiting for org.mobile.getir.StepImpl$1@60bddfca (tried for 30 second(s) with 450 milliseconds interval)
Build info: version: '3.141.59', revision: 'e82be7d358', time: '2018-11-14T08:17:03'
System info: host: 'buraks-mbp', ip: 'fe80:0:0:0:70:7b4e:53c5:336a%en0', os.name: 'Mac OS X', os.arch: 'x86_64', os.version: '10.15.6', java.version: '15'
Driver info: driver.version: unknown
	at org.openqa.selenium.support.ui.FluentWait.timeoutException(FluentWait.java:304)
	at org.openqa.selenium.support.ui.FluentWait.until(FluentWait.java:272)
	at org.mobile.getir.StepImpl.findElements(StepImpl.java:27)
	at org.mobile.getir.StepImpl.findElement(StepImpl.java:47)
	at org.mobile.getir.StepImpl.findElementByKeyWithoutAssert(StepImpl.java:60)
	at org.mobile.getir.StepImpl.closeOnBoarding(StepImpl.java:199)
	at java.base/jdk.internal.reflect.NativeMethodAccessorImpl.invoke0(Native Method)
	at java.base/jdk.internal.reflect.NativeMethodAccessorImpl.invoke(NativeMethodAccessorImpl.java:64)
	at java.base/jdk.internal.reflect.DelegatingMethodAccessorImpl.invoke(DelegatingMethodAccessorImpl.java:43)
	at java.base/java.lang.reflect.Method.invoke(Method.java:564)
	at com.thoughtworks.gauge.execution.MethodExecutor.execute(MethodExecutor.java:28)
	at com.thoughtworks.gauge.execution.StepExecutionStage.executeStepMethod(StepExecutionStage.java:66)
	at com.thoughtworks.gauge.execution.StepExecutionStage.executeStep(StepExecutionStage.java:59)
	at com.thoughtworks.gauge.execution.StepExecutionStage.execute(StepExecutionStage.java:41)
	at com.thoughtworks.gauge.execution.AbstractExecutionStage.executeNext(AbstractExecutionStage.java:14)
	at com.thoughtworks.gauge.execution.HookExecutionStage.execute(HookExecutionStage.java:33)
	at com.thoughtworks.gauge.execution.ExecutionPipeline.start(ExecutionPipeline.java:19)
	at com.thoughtworks.gauge.processor.ExecuteStepProcessor.process(ExecuteStepProcessor.java:44)
	at com.thoughtworks.gauge.RunnerServiceHandler.lambda$executeStep$7(RunnerServiceHandler.java:166)
	at java.base/java.util.concurrent.ThreadPoolExecutor.runWorker(ThreadPoolExecutor.java:1130)
	at java.base/java.util.concurrent.ThreadPoolExecutor$Worker.run(ThreadPoolExecutor.java:630)
	at java.base/java.lang.Thread.run(Thread.java:832)
2021-11-02 22:13:10 INFO  StepImpl:201 closeOnBoarding - Onboarding page is not appeared
{"logLevel":"debug","message":"Executing 'Check if element {} exist' using 'class org.mobile.getir.StepImpl.checkifElemExist"}
2021-11-02 22:13:41 INFO  StepImpl:154 checkifElemExist - Element is exist at the current location.
{"logLevel":"debug","message":"Executing 'Click element by {}' using 'class org.mobile.getir.StepImpl.clickByKey"}
2021-11-02 22:14:21 INFO  StepImpl:96 clickByKey - HomePage_navigationDrawer elementine tıklandı
{"logLevel":"debug","message":"Executing 'Go to {}' using 'class org.mobile.getir.StepImpl.goTo"}
2021-11-02 22:14:31 INFO  StepImpl:168 goTo - Going to Baby Care
{"logLevel":"debug","message":"Executing 'Check if element {} exist' using 'class org.mobile.getir.StepImpl.checkifElemExist"}
2021-11-02 22:15:32 INFO  StepImpl:154 checkifElemExist - Element is exist at the current location.
{"logLevel":"debug","message":"Executing 'Click element by {} with index {}' using 'class org.mobile.getir.StepImpl.clickElemWithIndex"}
2021-11-02 22:15:42 INFO  StepImpl:147 clickElemWithIndex - Clicking element at index: 3
{"logLevel":"debug","message":"Executing 'Check if element's {} text contains {}' using 'class org.mobile.getir.StepImpl.checkIfElementTextContains"}
2021-11-02 22:16:03 INFO  StepImpl:160 checkIfElementTextContains - Checking for text: 1,98
2021-11-02 22:16:03 INFO  StepImpl:161 checkIfElementTextContains - The element's text is: $1,98
{"logLevel":"debug","message":"Executing 'Click Android back button' using 'class org.mobile.getir.StepImpl.androidBackBtn"}
2021-11-02 22:16:03 INFO  StepImpl:193 androidBackBtn - Clicked back button.
{"logLevel":"debug","message":"Executing 'Check if element {} exist' using 'class org.mobile.getir.StepImpl.checkifElemExist"}
2021-11-02 22:16:34 INFO  StepImpl:154 checkifElemExist - Element is exist at the current location.
{"logLevel":"debug","message":"Killing Java runner..."}
{"logLevel":"debug","message":"Stopping execution pool..."}
{"logLevel":"debug","message":"Shutting down grpc server..."}
{"logLevel":"debug","message":"Runner killed gracefully."}
